[debug] [2025-08-28T12:05:10.810Z] ----------------------------------------------------------------------
[debug] [2025-08-28T12:05:10.812Z] Command:       C:\Program Files\nodejs\node.exe C:\Users\KIIT0001\AppData\Roaming\npm\node_modules\firebase-tools\lib\bin\firebase.js emulators:start --only functions,firestore,auth --project dodo-ketan
[debug] [2025-08-28T12:05:10.812Z] CLI Version:   14.14.0
[debug] [2025-08-28T12:05:10.812Z] Platform:      win32
[debug] [2025-08-28T12:05:10.812Z] Node Version:  v22.14.0
[debug] [2025-08-28T12:05:10.813Z] Time:          Thu Aug 28 2025 17:35:10 GMT+0530 (India Standard Time)
[debug] [2025-08-28T12:05:10.813Z] ----------------------------------------------------------------------
[debug] 
[debug] [2025-08-28T12:05:11.020Z] > command requires scopes: ["email","openid","https://www.googleapis.com/auth/cloudplatformprojects.readonly","https://www.googleapis.com/auth/firebase","https://www.googleapis.com/auth/cloud-platform"]
[debug] [2025-08-28T12:05:11.021Z] > authorizing via signed-in user (ketankauntia26@gmail.com)
[info] i  emulators: Starting emulators: functions {"metadata":{"emulator":{"name":"hub"},"message":"Starting emulators: functions"}}
[warn] !  firestore: Not starting the firestore emulator, make sure you have run firebase init. {"metadata":{"emulator":{"name":"firestore"},"message":"Not starting the \u001b[1mfirestore\u001b[22m emulator, make sure you have run \u001b[1mfirebase init\u001b[22m."}}
[warn] !  auth: Not starting the auth emulator, make sure you have run firebase init. {"metadata":{"emulator":{"name":"auth"},"message":"Not starting the \u001b[1mauth\u001b[22m emulator, make sure you have run \u001b[1mfirebase init\u001b[22m."}}
[debug] [2025-08-28T12:05:11.029Z] [logging] Logging Emulator only supports listening on one address (127.0.0.1). Not listening on ::1
[debug] [2025-08-28T12:05:11.030Z] assigned listening specs for emulators {"user":{"hub":[{"address":"127.0.0.1","family":"IPv4","port":4400},{"address":"::1","family":"IPv6","port":4400}],"ui":[{"address":"127.0.0.1","family":"IPv4","port":4000},{"address":"::1","family":"IPv6","port":4000}],"logging":[{"address":"127.0.0.1","family":"IPv4","port":4500}]},"metadata":{"message":"assigned listening specs for emulators"}}
[debug] [2025-08-28T12:05:11.034Z] [hub] writing locator at C:\Users\KIIT0001\AppData\Local\Temp\hub-dodo-ketan.json
[debug] [2025-08-28T12:05:11.049Z] [functions] Functions Emulator only supports listening on one address (127.0.0.1). Not listening on ::1
[debug] [2025-08-28T12:05:11.050Z] [eventarc] Eventarc Emulator only supports listening on one address (127.0.0.1). Not listening on ::1
[debug] [2025-08-28T12:05:11.050Z] [tasks] Cloud Tasks Emulator only supports listening on one address (127.0.0.1). Not listening on ::1
[debug] [2025-08-28T12:05:11.050Z] late-assigned ports for functions and eventarc emulators {"user":{"hub":[{"address":"127.0.0.1","family":"IPv4","port":4400},{"address":"::1","family":"IPv6","port":4400}],"ui":[{"address":"127.0.0.1","family":"IPv4","port":4000},{"address":"::1","family":"IPv6","port":4000}],"logging":[{"address":"127.0.0.1","family":"IPv4","port":4500}],"functions":[{"address":"127.0.0.1","family":"IPv4","port":5001}],"eventarc":[{"address":"127.0.0.1","family":"IPv4","port":9299}],"tasks":[{"address":"127.0.0.1","family":"IPv4","port":9499}]},"metadata":{"message":"late-assigned ports for functions and eventarc emulators"}}
[warn] !  functions: The following emulators are not running, calls to these services from the Functions emulator will affect production: apphosting, auth, firestore, database, hosting, pubsub, storage, dataconnect {"metadata":{"emulator":{"name":"functions"},"message":"The following emulators are not running, calls to these services from the Functions emulator will affect production: \u001b[1mapphosting, auth, firestore, database, hosting, pubsub, storage, dataconnect\u001b[22m"}}
[debug] [2025-08-28T12:05:11.137Z] defaultcredentials: writing to file C:\Users\KIIT0001\AppData\Roaming\firebase\ketankauntia26_gmail_com_application_default_credentials.json
[debug] [2025-08-28T12:05:11.139Z] Setting GAC to C:\Users\KIIT0001\AppData\Roaming\firebase\ketankauntia26_gmail_com_application_default_credentials.json {"metadata":{"emulator":{"name":"functions"},"message":"Setting GAC to C:\\Users\\KIIT0001\\AppData\\Roaming\\firebase\\ketankauntia26_gmail_com_application_default_credentials.json"}}
[debug] [2025-08-28T12:05:11.141Z] Checked if tokens are valid: false, expires at: 1756383062229
[debug] [2025-08-28T12:05:11.141Z] Checked if tokens are valid: false, expires at: 1756383062229
[debug] [2025-08-28T12:05:11.141Z] > refreshing access token with scopes: []
[debug] [2025-08-28T12:05:11.143Z] >>> [apiv2][query] POST https://www.googleapis.com/oauth2/v3/token [none]
[debug] [2025-08-28T12:05:11.143Z] >>> [apiv2][body] POST https://www.googleapis.com/oauth2/v3/token [omitted]
[debug] [2025-08-28T12:05:11.629Z] <<< [apiv2][status] POST https://www.googleapis.com/oauth2/v3/token 200
[debug] [2025-08-28T12:05:11.630Z] <<< [apiv2][body] POST https://www.googleapis.com/oauth2/v3/token [omitted]
[debug] [2025-08-28T12:05:11.646Z] >>> [apiv2][query] GET https://firebase.googleapis.com/v1beta1/projects/dodo-ketan/adminSdkConfig [none]
[debug] [2025-08-28T12:05:13.138Z] <<< [apiv2][status] GET https://firebase.googleapis.com/v1beta1/projects/dodo-ketan/adminSdkConfig 200
[debug] [2025-08-28T12:05:13.139Z] <<< [apiv2][body] GET https://firebase.googleapis.com/v1beta1/projects/dodo-ketan/adminSdkConfig {"projectId":"dodo-ketan","storageBucket":"dodo-ketan.firebasestorage.app"}
[info] i  functions: Watching "C:\Users\KIIT0001\Desktop\dodo-assignment\functions" for Cloud Functions... {"metadata":{"emulator":{"name":"functions"},"message":"Watching \"C:\\Users\\KIIT0001\\Desktop\\dodo-assignment\\functions\" for Cloud Functions..."}}
[debug] [2025-08-28T12:05:13.180Z] Validating nodejs source
[warn] !  functions: package.json indicates an outdated version of firebase-functions. Please upgrade using npm install --save firebase-functions@latest in your functions directory. 
[warn] !  functions: Please note that there will be breaking changes when you upgrade. 
[debug] [2025-08-28T12:05:14.646Z] > [functions] package.json contents: {
  "name": "functions",
  "scripts": {
    "build": "tsc",
    "build:watch": "tsc --watch",
    "serve": "npm run build && firebase emulators:start --only functions",
    "shell": "npm run build && firebase functions:shell",
    "start": "npm run shell",
    "deploy": "firebase deploy --only functions",
    "logs": "firebase functions:log"
  },
  "engines": {
    "node": "18"
  },
  "main": "lib/index.js",
  "dependencies": {
    "firebase-admin": "^12.0.0",
    "firebase-functions": "^4.8.0",
    "stripe": "^14.0.0"
  },
  "devDependencies": {
    "typescript": "^5.0.0",
    "@types/node": "^20.0.0"
  },
  "private": true
}
[debug] [2025-08-28T12:05:14.646Z] Building nodejs source
[debug] [2025-08-28T12:05:14.646Z] Failed to find version of module node: reached end of search path C:\Users\KIIT0001\Desktop\dodo-assignment\functions\node_modules
[warn] !  functions: Your requested "node" version "18" doesn't match your global version "22". Using node@22 from host. 
[info] i  functions: Loaded environment variables from .env. 
[info] i  functions: You are using a version of firebase-functions SDK (4.9.0) that does not have support for the newest Firebase Extensions features. Please update firebase-functions SDK to >=5.1.0 to use them correctly 
[debug] [2025-08-28T12:05:14.651Z] Could not find functions.yaml. Must use http discovery
[debug] [2025-08-28T12:05:14.657Z] Found firebase-functions binary at 'C:\Users\KIIT0001\Desktop\dodo-assignment\functions\node_modules\.bin\firebase-functions'
[info] Serving at port 8673

[debug] [2025-08-28T12:05:15.315Z] Got response from /__/functions.yaml {"endpoints":{"onUserCreate":{"platform":"gcfv1","availableMemoryMb":null,"timeoutSeconds":null,"minInstances":null,"maxInstances":null,"ingressSettings":null,"serviceAccountEmail":null,"vpc":null,"region":["asia-south1"],"eventTrigger":{"eventType":"providers/firebase.auth/eventTypes/user.create","eventFilters":{"resource":"projects/dodo-ketan"},"retry":false},"labels":{},"entryPoint":"onUserCreate"},"createCheckoutSession":{"platform":"gcfv1","availableMemoryMb":null,"timeoutSeconds":null,"minInstances":null,"maxInstances":null,"ingressSettings":null,"serviceAccountEmail":null,"vpc":null,"region":["asia-south1"],"httpsTrigger":{},"entryPoint":"createCheckoutSession"},"billingPortal":{"platform":"gcfv1","availableMemoryMb":null,"timeoutSeconds":null,"minInstances":null,"maxInstances":null,"ingressSettings":null,"serviceAccountEmail":null,"vpc":null,"region":["asia-south1"],"httpsTrigger":{},"entryPoint":"billingPortal"},"stripeWebhook":{"platform":"gcfv1","availableMemoryMb":null,"timeoutSeconds":null,"minInstances":null,"maxInstances":null,"ingressSettings":null,"serviceAccountEmail":null,"vpc":null,"region":["asia-south1"],"httpsTrigger":{},"entryPoint":"stripeWebhook"}},"specVersion":"v1alpha1","requiredAPIs":[]}
[info] +  functions: Loaded functions definitions from source: onUserCreate, createCheckoutSession, billingPortal, stripeWebhook. {"metadata":{"emulator":{"name":"functions"},"message":"Loaded functions definitions from source: onUserCreate, createCheckoutSession, billingPortal, stripeWebhook."}}
[debug] [2025-08-28T12:05:19.356Z] addAuthTrigger {"eventTrigger":{"eventType":"providers/firebase.auth/eventTypes/user.create","resource":"projects/dodo-ketan"}}
[info] +  functions[asia-south1-onUserCreate]: auth function initialized. {"metadata":{"emulator":{"name":"functions"},"message":"\u001b[1mauth\u001b[22m function initialized."}}
[info] +  functions[asia-south1-createCheckoutSession]: http function initialized (http://127.0.0.1:5001/dodo-ketan/asia-south1/createCheckoutSession). {"metadata":{"emulator":{"name":"functions"},"message":"\u001b[1mhttp\u001b[22m function initialized (http://127.0.0.1:5001/dodo-ketan/asia-south1/createCheckoutSession)."}}
[info] +  functions[asia-south1-billingPortal]: http function initialized (http://127.0.0.1:5001/dodo-ketan/asia-south1/billingPortal). {"metadata":{"emulator":{"name":"functions"},"message":"\u001b[1mhttp\u001b[22m function initialized (http://127.0.0.1:5001/dodo-ketan/asia-south1/billingPortal)."}}
[info] +  functions[asia-south1-stripeWebhook]: http function initialized (http://127.0.0.1:5001/dodo-ketan/asia-south1/stripeWebhook). {"metadata":{"emulator":{"name":"functions"},"message":"\u001b[1mhttp\u001b[22m function initialized (http://127.0.0.1:5001/dodo-ketan/asia-south1/stripeWebhook)."}}
[debug] [2025-08-28T12:05:19.362Z] Could not find VSCode notification endpoint: FetchError: request to http://localhost:40001/vscode/notify failed, reason: . If you are not running the Firebase Data Connect VSCode extension, this is expected and not an issue.
[info] 
┌─────────────────────────────────────────────────────────────┐
│ ✔  All emulators ready! It is now safe to connect your app. │
│ i  View Emulator UI at http://127.0.0.1:4000/               │
└─────────────────────────────────────────────────────────────┘

┌───────────┬────────────────┬─────────────────────────────────┐
│ Emulator  │ Host:Port      │ View in Emulator UI             │
├───────────┼────────────────┼─────────────────────────────────┤
│ Functions │ 127.0.0.1:5001 │ http://127.0.0.1:4000/functions │
└───────────┴────────────────┴─────────────────────────────────┘
  Emulator Hub host: 127.0.0.1 port: 4400
  Other reserved ports: 4500

Issues? Report them at https://github.com/firebase/firebase-tools/issues and attach the *-debug.log files.
 
[debug] [2025-08-28T12:06:17.093Z] [work-queue] {"queuedWork":["/dodo-ketan/asia-south1/createCheckoutSession-2025-08-28T12:06:17.092Z"],"queueLength":1,"runningWork":[],"workRunningCount":0}
[debug] [2025-08-28T12:06:17.093Z] [work-queue] {"queuedWork":[],"queueLength":0,"runningWork":["/dodo-ketan/asia-south1/createCheckoutSession-2025-08-28T12:06:17.092Z"],"workRunningCount":1}
[debug] [2025-08-28T12:06:17.094Z] Accepted request POST /dodo-ketan/asia-south1/createCheckoutSession --> asia-south1-createCheckoutSession
[debug] [2025-08-28T12:06:17.099Z] [functions] Runtime ready! Sending request! {"metadata":{"emulator":{"name":"functions"},"message":"[functions] Runtime ready! Sending request!"}}
[debug] [2025-08-28T12:06:17.099Z] [functions] Got req.url=/dodo-ketan/asia-south1/createCheckoutSession, mapping to path=/ {"metadata":{"emulator":{"name":"functions"},"message":"[functions] Got req.url=/dodo-ketan/asia-south1/createCheckoutSession, mapping to path=/"}}
[info] i  functions: Loaded environment variables from .env. 
[debug] [2025-08-28T12:06:17.133Z] [worker-pool] addWorker(asia-south1-createCheckoutSession) {"metadata":{"emulator":{"name":"functions"},"message":"[worker-pool] addWorker(asia-south1-createCheckoutSession)"}}
[debug] [2025-08-28T12:06:17.134Z] [worker-pool] Adding worker with key asia-south1-createCheckoutSession, total=1 {"metadata":{"emulator":{"name":"functions"},"message":"[worker-pool] Adding worker with key asia-south1-createCheckoutSession, total=1"}}
[debug] [2025-08-28T12:06:18.822Z] [runtime-status] [5276] Resolved module firebase-admin {"declared":true,"installed":true,"version":"12.7.0","resolution":"C:\\Users\\KIIT0001\\Desktop\\dodo-assignment\\functions\\node_modules\\firebase-admin\\lib\\index.js"} {"metadata":{"emulator":{"name":"functions"},"function":{"name":"asia-south1-createCheckoutSession"},"extension":{},"message":"[runtime-status] [5276] Resolved module firebase-admin {\"declared\":true,\"installed\":true,\"version\":\"12.7.0\",\"resolution\":\"C:\\\\Users\\\\KIIT0001\\\\Desktop\\\\dodo-assignment\\\\functions\\\\node_modules\\\\firebase-admin\\\\lib\\\\index.js\"}"}}
[debug] [2025-08-28T12:06:18.824Z] [runtime-status] [5276] Resolved module firebase-functions {"declared":true,"installed":true,"version":"4.9.0","resolution":"C:\\Users\\KIIT0001\\Desktop\\dodo-assignment\\functions\\node_modules\\firebase-functions\\lib\\v1\\index.js"} {"metadata":{"emulator":{"name":"functions"},"function":{"name":"asia-south1-createCheckoutSession"},"extension":{},"message":"[runtime-status] [5276] Resolved module firebase-functions {\"declared\":true,\"installed\":true,\"version\":\"4.9.0\",\"resolution\":\"C:\\\\Users\\\\KIIT0001\\\\Desktop\\\\dodo-assignment\\\\functions\\\\node_modules\\\\firebase-functions\\\\lib\\\\v1\\\\index.js\"}"}}
[debug] [2025-08-28T12:06:18.824Z] [runtime-status] [5276] Outgoing network have been stubbed. [{"name":"http","status":"mocked"},{"name":"http","status":"mocked"},{"name":"https","status":"mocked"},{"name":"https","status":"mocked"},{"name":"net","status":"mocked"}] {"metadata":{"emulator":{"name":"functions"},"function":{"name":"asia-south1-createCheckoutSession"},"extension":{},"message":"[runtime-status] [5276] Outgoing network have been stubbed. [{\"name\":\"http\",\"status\":\"mocked\"},{\"name\":\"http\",\"status\":\"mocked\"},{\"name\":\"https\",\"status\":\"mocked\"},{\"name\":\"https\",\"status\":\"mocked\"},{\"name\":\"net\",\"status\":\"mocked\"}]"}}
[debug] [2025-08-28T12:06:18.825Z] [runtime-status] [5276] Resolved module firebase-functions {"declared":true,"installed":true,"version":"4.9.0","resolution":"C:\\Users\\KIIT0001\\Desktop\\dodo-assignment\\functions\\node_modules\\firebase-functions\\lib\\v1\\index.js"} {"metadata":{"emulator":{"name":"functions"},"function":{"name":"asia-south1-createCheckoutSession"},"extension":{},"message":"[runtime-status] [5276] Resolved module firebase-functions {\"declared\":true,\"installed\":true,\"version\":\"4.9.0\",\"resolution\":\"C:\\\\Users\\\\KIIT0001\\\\Desktop\\\\dodo-assignment\\\\functions\\\\node_modules\\\\firebase-functions\\\\lib\\\\v1\\\\index.js\"}"}}
[debug] [2025-08-28T12:06:19.141Z] [runtime-status] [5276] Checked functions.config() {"config":{}} {"metadata":{"emulator":{"name":"functions"},"function":{"name":"asia-south1-createCheckoutSession"},"extension":{},"message":"[runtime-status] [5276] Checked functions.config() {\"config\":{}}"}}
[debug] [2025-08-28T12:06:19.142Z] [runtime-status] [5276] firebase-functions has been stubbed. {"functionsResolution":{"declared":true,"installed":true,"version":"4.9.0","resolution":"C:\\Users\\KIIT0001\\Desktop\\dodo-assignment\\functions\\node_modules\\firebase-functions\\lib\\v1\\index.js"}} {"metadata":{"emulator":{"name":"functions"},"function":{"name":"asia-south1-createCheckoutSession"},"extension":{},"message":"[runtime-status] [5276] firebase-functions has been stubbed. {\"functionsResolution\":{\"declared\":true,\"installed\":true,\"version\":\"4.9.0\",\"resolution\":\"C:\\\\Users\\\\KIIT0001\\\\Desktop\\\\dodo-assignment\\\\functions\\\\node_modules\\\\firebase-functions\\\\lib\\\\v1\\\\index.js\"}}"}}
[debug] [2025-08-28T12:06:19.142Z] [runtime-status] [5276] Resolved module firebase-functions {"declared":true,"installed":true,"version":"4.9.0","resolution":"C:\\Users\\KIIT0001\\Desktop\\dodo-assignment\\functions\\node_modules\\firebase-functions\\lib\\v1\\index.js"} {"metadata":{"emulator":{"name":"functions"},"function":{"name":"asia-south1-createCheckoutSession"},"extension":{},"message":"[runtime-status] [5276] Resolved module firebase-functions {\"declared\":true,\"installed\":true,\"version\":\"4.9.0\",\"resolution\":\"C:\\\\Users\\\\KIIT0001\\\\Desktop\\\\dodo-assignment\\\\functions\\\\node_modules\\\\firebase-functions\\\\lib\\\\v1\\\\index.js\"}"}}
[debug] [2025-08-28T12:06:19.143Z] [runtime-status] [5276] Resolved module firebase-admin {"declared":true,"installed":true,"version":"12.7.0","resolution":"C:\\Users\\KIIT0001\\Desktop\\dodo-assignment\\functions\\node_modules\\firebase-admin\\lib\\index.js"} {"metadata":{"emulator":{"name":"functions"},"function":{"name":"asia-south1-createCheckoutSession"},"extension":{},"message":"[runtime-status] [5276] Resolved module firebase-admin {\"declared\":true,\"installed\":true,\"version\":\"12.7.0\",\"resolution\":\"C:\\\\Users\\\\KIIT0001\\\\Desktop\\\\dodo-assignment\\\\functions\\\\node_modules\\\\firebase-admin\\\\lib\\\\index.js\"}"}}
[debug] [2025-08-28T12:06:19.146Z] [runtime-status] [5276] Resolved module firebase-functions {"declared":true,"installed":true,"version":"4.9.0","resolution":"C:\\Users\\KIIT0001\\Desktop\\dodo-assignment\\functions\\node_modules\\firebase-functions\\lib\\v1\\index.js"} {"metadata":{"emulator":{"name":"functions"},"function":{"name":"asia-south1-createCheckoutSession"},"extension":{},"message":"[runtime-status] [5276] Resolved module firebase-functions {\"declared\":true,\"installed\":true,\"version\":\"4.9.0\",\"resolution\":\"C:\\\\Users\\\\KIIT0001\\\\Desktop\\\\dodo-assignment\\\\functions\\\\node_modules\\\\firebase-functions\\\\lib\\\\v1\\\\index.js\"}"}}
[debug] [2025-08-28T12:06:19.146Z] [runtime-status] [5276] firebase-admin has been stubbed. {"adminResolution":{"declared":true,"installed":true,"version":"12.7.0","resolution":"C:\\Users\\KIIT0001\\Desktop\\dodo-assignment\\functions\\node_modules\\firebase-admin\\lib\\index.js"}} {"metadata":{"emulator":{"name":"functions"},"function":{"name":"asia-south1-createCheckoutSession"},"extension":{},"message":"[runtime-status] [5276] firebase-admin has been stubbed. {\"adminResolution\":{\"declared\":true,\"installed\":true,\"version\":\"12.7.0\",\"resolution\":\"C:\\\\Users\\\\KIIT0001\\\\Desktop\\\\dodo-assignment\\\\functions\\\\node_modules\\\\firebase-admin\\\\lib\\\\index.js\"}}"}}
[debug] [2025-08-28T12:06:19.259Z] [runtime-status] [5276] initializeApp(DEFAULT) {"storageBucket":"dodo-ketan.firebasestorage.app","projectId":"dodo-ketan"} {"metadata":{"emulator":{"name":"functions"},"function":{"name":"asia-south1-createCheckoutSession"},"extension":{},"message":"[runtime-status] [5276] initializeApp(DEFAULT) {\"storageBucket\":\"dodo-ketan.firebasestorage.app\",\"projectId\":\"dodo-ketan\"}"}}
[warn] !  functions: The Cloud Firestore emulator is not running, so calls to Firestore will affect production. {"metadata":{"emulator":{"name":"functions"},"function":{"name":"asia-south1-createCheckoutSession"},"extension":{},"message":"The Cloud Firestore emulator is not running, so calls to Firestore will affect production."}}
[debug] [2025-08-28T12:06:19.266Z] [runtime-status] [5276] Functions runtime initialized. {"cwd":"C:\\Users\\KIIT0001\\Desktop\\dodo-assignment\\functions","node_version":"22.14.0"} {"metadata":{"emulator":{"name":"functions"},"function":{"name":"asia-south1-createCheckoutSession"},"extension":{},"message":"[runtime-status] [5276] Functions runtime initialized. {\"cwd\":\"C:\\\\Users\\\\KIIT0001\\\\Desktop\\\\dodo-assignment\\\\functions\",\"node_version\":\"22.14.0\"}"}}
[debug] [2025-08-28T12:06:19.267Z] [runtime-status] [5276] Listening to port: \\?\pipe\fire_emu_d56d682b080d6695 {"metadata":{"emulator":{"name":"functions"},"function":{"name":"asia-south1-createCheckoutSession"},"extension":{},"message":"[runtime-status] [5276] Listening to port: \\\\?\\pipe\\fire_emu_d56d682b080d6695"}}
[debug] [2025-08-28T12:06:19.325Z] [worker-asia-south1-createCheckoutSession-691aab19-a475-4b94-aa4d-8630dc507d78]: IDLE {"metadata":{"emulator":{"name":"functions"},"function":{"name":"asia-south1-createCheckoutSession"},"extension":{},"message":"[worker-asia-south1-createCheckoutSession-691aab19-a475-4b94-aa4d-8630dc507d78]: IDLE"}}
[debug] [2025-08-28T12:06:19.325Z] [worker-pool] submitRequest(triggerId=asia-south1-createCheckoutSession) {"metadata":{"emulator":{"name":"functions"},"message":"[worker-pool] submitRequest(triggerId=asia-south1-createCheckoutSession)"}}
[info] i  functions: Beginning execution of "asia-south1-createCheckoutSession" {"metadata":{"emulator":{"name":"functions"},"function":{"name":"asia-south1-createCheckoutSession"},"extension":{},"message":"Beginning execution of \"asia-south1-createCheckoutSession\""}}
[debug] [2025-08-28T12:06:19.326Z] [worker-asia-south1-createCheckoutSession-691aab19-a475-4b94-aa4d-8630dc507d78]: BUSY {"metadata":{"emulator":{"name":"functions"},"function":{"name":"asia-south1-createCheckoutSession"},"extension":{},"message":"[worker-asia-south1-createCheckoutSession-691aab19-a475-4b94-aa4d-8630dc507d78]: BUSY"}}
[warn] !  functions: The Firebase Authentication emulator is not running, so calls to Firebase Authentication will affect production. {"metadata":{"emulator":{"name":"functions"},"function":{"name":"asia-south1-createCheckoutSession"},"extension":{},"message":"The Firebase Authentication emulator is not running, so calls to Firebase Authentication will affect production."}}
[warn] !  Google API requested!
   - URL: "https://oauth2.googleapis.com/token"
   - Be careful, this may be a production service. {"metadata":{"emulator":{"name":"functions"},"function":{"name":"asia-south1-createCheckoutSession"},"extension":{},"message":"Google API requested!\n   - URL: \"https://oauth2.googleapis.com/token\"\n   - Be careful, this may be a production service."}}
[debug] [2025-08-28T12:06:22.464Z] [work-queue] {"queuedWork":["/dodo-ketan/asia-south1/stripeWebhook-2025-08-28T12:06:22.464Z"],"queueLength":1,"runningWork":["/dodo-ketan/asia-south1/createCheckoutSession-2025-08-28T12:06:17.092Z"],"workRunningCount":1}
[debug] [2025-08-28T12:06:22.464Z] [work-queue] {"queuedWork":[],"queueLength":0,"runningWork":["/dodo-ketan/asia-south1/createCheckoutSession-2025-08-28T12:06:17.092Z","/dodo-ketan/asia-south1/stripeWebhook-2025-08-28T12:06:22.464Z"],"workRunningCount":2}
[debug] [2025-08-28T12:06:22.465Z] Accepted request POST /dodo-ketan/asia-south1/stripeWebhook --> asia-south1-stripeWebhook
[debug] [2025-08-28T12:06:22.466Z] [functions] Runtime ready! Sending request! {"metadata":{"emulator":{"name":"functions"},"message":"[functions] Runtime ready! Sending request!"}}
[debug] [2025-08-28T12:06:22.466Z] [functions] Got req.url=/dodo-ketan/asia-south1/stripeWebhook, mapping to path=/ {"metadata":{"emulator":{"name":"functions"},"message":"[functions] Got req.url=/dodo-ketan/asia-south1/stripeWebhook, mapping to path=/"}}
[info] i  functions: Loaded environment variables from .env. 
[debug] [2025-08-28T12:06:22.494Z] [worker-pool] addWorker(asia-south1-stripeWebhook) {"metadata":{"emulator":{"name":"functions"},"message":"[worker-pool] addWorker(asia-south1-stripeWebhook)"}}
[debug] [2025-08-28T12:06:22.495Z] [worker-pool] Adding worker with key asia-south1-stripeWebhook, total=1 {"metadata":{"emulator":{"name":"functions"},"message":"[worker-pool] Adding worker with key asia-south1-stripeWebhook, total=1"}}
[debug] [2025-08-28T12:06:23.608Z] [runtime-status] [18956] Resolved module firebase-admin {"declared":true,"installed":true,"version":"12.7.0","resolution":"C:\\Users\\KIIT0001\\Desktop\\dodo-assignment\\functions\\node_modules\\firebase-admin\\lib\\index.js"} {"metadata":{"emulator":{"name":"functions"},"function":{"name":"asia-south1-stripeWebhook"},"extension":{},"message":"[runtime-status] [18956] Resolved module firebase-admin {\"declared\":true,\"installed\":true,\"version\":\"12.7.0\",\"resolution\":\"C:\\\\Users\\\\KIIT0001\\\\Desktop\\\\dodo-assignment\\\\functions\\\\node_modules\\\\firebase-admin\\\\lib\\\\index.js\"}"}}
[debug] [2025-08-28T12:06:23.609Z] [runtime-status] [18956] Resolved module firebase-functions {"declared":true,"installed":true,"version":"4.9.0","resolution":"C:\\Users\\KIIT0001\\Desktop\\dodo-assignment\\functions\\node_modules\\firebase-functions\\lib\\v1\\index.js"} {"metadata":{"emulator":{"name":"functions"},"function":{"name":"asia-south1-stripeWebhook"},"extension":{},"message":"[runtime-status] [18956] Resolved module firebase-functions {\"declared\":true,\"installed\":true,\"version\":\"4.9.0\",\"resolution\":\"C:\\\\Users\\\\KIIT0001\\\\Desktop\\\\dodo-assignment\\\\functions\\\\node_modules\\\\firebase-functions\\\\lib\\\\v1\\\\index.js\"}"}}
[debug] [2025-08-28T12:06:23.610Z] [runtime-status] [18956] Outgoing network have been stubbed. [{"name":"http","status":"mocked"},{"name":"http","status":"mocked"},{"name":"https","status":"mocked"},{"name":"https","status":"mocked"},{"name":"net","status":"mocked"}] {"metadata":{"emulator":{"name":"functions"},"function":{"name":"asia-south1-stripeWebhook"},"extension":{},"message":"[runtime-status] [18956] Outgoing network have been stubbed. [{\"name\":\"http\",\"status\":\"mocked\"},{\"name\":\"http\",\"status\":\"mocked\"},{\"name\":\"https\",\"status\":\"mocked\"},{\"name\":\"https\",\"status\":\"mocked\"},{\"name\":\"net\",\"status\":\"mocked\"}]"}}
[debug] [2025-08-28T12:06:23.610Z] [runtime-status] [18956] Resolved module firebase-functions {"declared":true,"installed":true,"version":"4.9.0","resolution":"C:\\Users\\KIIT0001\\Desktop\\dodo-assignment\\functions\\node_modules\\firebase-functions\\lib\\v1\\index.js"} {"metadata":{"emulator":{"name":"functions"},"function":{"name":"asia-south1-stripeWebhook"},"extension":{},"message":"[runtime-status] [18956] Resolved module firebase-functions {\"declared\":true,\"installed\":true,\"version\":\"4.9.0\",\"resolution\":\"C:\\\\Users\\\\KIIT0001\\\\Desktop\\\\dodo-assignment\\\\functions\\\\node_modules\\\\firebase-functions\\\\lib\\\\v1\\\\index.js\"}"}}
[debug] [2025-08-28T12:06:23.792Z] Finishing up request with event=pause {"metadata":{"emulator":{"name":"functions"},"function":{"name":"asia-south1-createCheckoutSession"},"extension":{},"message":"Finishing up request with event=pause"}}
[info] i  functions: Finished "asia-south1-createCheckoutSession" in 4466.7013ms {"metadata":{"emulator":{"name":"functions"},"function":{"name":"asia-south1-createCheckoutSession"},"extension":{},"message":"Finished \"asia-south1-createCheckoutSession\" in 4466.7013ms"}}
[debug] [2025-08-28T12:06:23.793Z] [worker-asia-south1-createCheckoutSession-691aab19-a475-4b94-aa4d-8630dc507d78]: IDLE {"metadata":{"emulator":{"name":"functions"},"function":{"name":"asia-south1-createCheckoutSession"},"extension":{},"message":"[worker-asia-south1-createCheckoutSession-691aab19-a475-4b94-aa4d-8630dc507d78]: IDLE"}}
[debug] [2025-08-28T12:06:23.794Z] Finishing up request with event=finish {"metadata":{"emulator":{"name":"functions"},"function":{"name":"asia-south1-createCheckoutSession"},"extension":{},"message":"Finishing up request with event=finish"}}
[debug] [2025-08-28T12:06:23.794Z] Finishing up request with event=close {"metadata":{"emulator":{"name":"functions"},"function":{"name":"asia-south1-createCheckoutSession"},"extension":{},"message":"Finishing up request with event=close"}}
[debug] [2025-08-28T12:06:23.794Z] [work-queue] {"queuedWork":[],"queueLength":0,"runningWork":["/dodo-ketan/asia-south1/stripeWebhook-2025-08-28T12:06:22.464Z"],"workRunningCount":1}
[debug] [2025-08-28T12:06:23.971Z] [runtime-status] [18956] Checked functions.config() {"config":{}} {"metadata":{"emulator":{"name":"functions"},"function":{"name":"asia-south1-stripeWebhook"},"extension":{},"message":"[runtime-status] [18956] Checked functions.config() {\"config\":{}}"}}
[debug] [2025-08-28T12:06:23.972Z] [runtime-status] [18956] firebase-functions has been stubbed. {"functionsResolution":{"declared":true,"installed":true,"version":"4.9.0","resolution":"C:\\Users\\KIIT0001\\Desktop\\dodo-assignment\\functions\\node_modules\\firebase-functions\\lib\\v1\\index.js"}} {"metadata":{"emulator":{"name":"functions"},"function":{"name":"asia-south1-stripeWebhook"},"extension":{},"message":"[runtime-status] [18956] firebase-functions has been stubbed. {\"functionsResolution\":{\"declared\":true,\"installed\":true,\"version\":\"4.9.0\",\"resolution\":\"C:\\\\Users\\\\KIIT0001\\\\Desktop\\\\dodo-assignment\\\\functions\\\\node_modules\\\\firebase-functions\\\\lib\\\\v1\\\\index.js\"}}"}}
[debug] [2025-08-28T12:06:23.972Z] [runtime-status] [18956] Resolved module firebase-functions {"declared":true,"installed":true,"version":"4.9.0","resolution":"C:\\Users\\KIIT0001\\Desktop\\dodo-assignment\\functions\\node_modules\\firebase-functions\\lib\\v1\\index.js"} {"metadata":{"emulator":{"name":"functions"},"function":{"name":"asia-south1-stripeWebhook"},"extension":{},"message":"[runtime-status] [18956] Resolved module firebase-functions {\"declared\":true,\"installed\":true,\"version\":\"4.9.0\",\"resolution\":\"C:\\\\Users\\\\KIIT0001\\\\Desktop\\\\dodo-assignment\\\\functions\\\\node_modules\\\\firebase-functions\\\\lib\\\\v1\\\\index.js\"}"}}
[debug] [2025-08-28T12:06:23.974Z] [runtime-status] [18956] Resolved module firebase-admin {"declared":true,"installed":true,"version":"12.7.0","resolution":"C:\\Users\\KIIT0001\\Desktop\\dodo-assignment\\functions\\node_modules\\firebase-admin\\lib\\index.js"} {"metadata":{"emulator":{"name":"functions"},"function":{"name":"asia-south1-stripeWebhook"},"extension":{},"message":"[runtime-status] [18956] Resolved module firebase-admin {\"declared\":true,\"installed\":true,\"version\":\"12.7.0\",\"resolution\":\"C:\\\\Users\\\\KIIT0001\\\\Desktop\\\\dodo-assignment\\\\functions\\\\node_modules\\\\firebase-admin\\\\lib\\\\index.js\"}"}}
[debug] [2025-08-28T12:06:23.977Z] [runtime-status] [18956] Resolved module firebase-functions {"declared":true,"installed":true,"version":"4.9.0","resolution":"C:\\Users\\KIIT0001\\Desktop\\dodo-assignment\\functions\\node_modules\\firebase-functions\\lib\\v1\\index.js"} {"metadata":{"emulator":{"name":"functions"},"function":{"name":"asia-south1-stripeWebhook"},"extension":{},"message":"[runtime-status] [18956] Resolved module firebase-functions {\"declared\":true,\"installed\":true,\"version\":\"4.9.0\",\"resolution\":\"C:\\\\Users\\\\KIIT0001\\\\Desktop\\\\dodo-assignment\\\\functions\\\\node_modules\\\\firebase-functions\\\\lib\\\\v1\\\\index.js\"}"}}
[debug] [2025-08-28T12:06:23.977Z] [runtime-status] [18956] firebase-admin has been stubbed. {"adminResolution":{"declared":true,"installed":true,"version":"12.7.0","resolution":"C:\\Users\\KIIT0001\\Desktop\\dodo-assignment\\functions\\node_modules\\firebase-admin\\lib\\index.js"}} {"metadata":{"emulator":{"name":"functions"},"function":{"name":"asia-south1-stripeWebhook"},"extension":{},"message":"[runtime-status] [18956] firebase-admin has been stubbed. {\"adminResolution\":{\"declared\":true,\"installed\":true,\"version\":\"12.7.0\",\"resolution\":\"C:\\\\Users\\\\KIIT0001\\\\Desktop\\\\dodo-assignment\\\\functions\\\\node_modules\\\\firebase-admin\\\\lib\\\\index.js\"}}"}}
[debug] [2025-08-28T12:06:24.084Z] [runtime-status] [18956] initializeApp(DEFAULT) {"storageBucket":"dodo-ketan.firebasestorage.app","projectId":"dodo-ketan"} {"metadata":{"emulator":{"name":"functions"},"function":{"name":"asia-south1-stripeWebhook"},"extension":{},"message":"[runtime-status] [18956] initializeApp(DEFAULT) {\"storageBucket\":\"dodo-ketan.firebasestorage.app\",\"projectId\":\"dodo-ketan\"}"}}
[debug] [2025-08-28T12:06:24.092Z] [runtime-status] [18956] Functions runtime initialized. {"cwd":"C:\\Users\\KIIT0001\\Desktop\\dodo-assignment\\functions","node_version":"22.14.0"} {"metadata":{"emulator":{"name":"functions"},"function":{"name":"asia-south1-stripeWebhook"},"extension":{},"message":"[runtime-status] [18956] Functions runtime initialized. {\"cwd\":\"C:\\\\Users\\\\KIIT0001\\\\Desktop\\\\dodo-assignment\\\\functions\",\"node_version\":\"22.14.0\"}"}}
[debug] [2025-08-28T12:06:24.093Z] [runtime-status] [18956] Listening to port: \\?\pipe\fire_emu_7ccffe5625addbd5 {"metadata":{"emulator":{"name":"functions"},"function":{"name":"asia-south1-stripeWebhook"},"extension":{},"message":"[runtime-status] [18956] Listening to port: \\\\?\\pipe\\fire_emu_7ccffe5625addbd5"}}
[debug] [2025-08-28T12:06:24.129Z] [worker-asia-south1-stripeWebhook-798e20bf-2648-4f7d-ab14-ee6714945294]: IDLE {"metadata":{"emulator":{"name":"functions"},"function":{"name":"asia-south1-stripeWebhook"},"extension":{},"message":"[worker-asia-south1-stripeWebhook-798e20bf-2648-4f7d-ab14-ee6714945294]: IDLE"}}
[debug] [2025-08-28T12:06:24.129Z] [worker-pool] submitRequest(triggerId=asia-south1-stripeWebhook) {"metadata":{"emulator":{"name":"functions"},"message":"[worker-pool] submitRequest(triggerId=asia-south1-stripeWebhook)"}}
[info] i  functions: Beginning execution of "asia-south1-stripeWebhook" {"metadata":{"emulator":{"name":"functions"},"function":{"name":"asia-south1-stripeWebhook"},"extension":{},"message":"Beginning execution of \"asia-south1-stripeWebhook\""}}
[debug] [2025-08-28T12:06:24.131Z] [worker-asia-south1-stripeWebhook-798e20bf-2648-4f7d-ab14-ee6714945294]: BUSY {"metadata":{"emulator":{"name":"functions"},"function":{"name":"asia-south1-stripeWebhook"},"extension":{},"message":"[worker-asia-south1-stripeWebhook-798e20bf-2648-4f7d-ab14-ee6714945294]: BUSY"}}
[debug] [2025-08-28T12:06:24.145Z] Finishing up request with event=pause {"metadata":{"emulator":{"name":"functions"},"function":{"name":"asia-south1-stripeWebhook"},"extension":{},"message":"Finishing up request with event=pause"}}
[info] i  functions: Finished "asia-south1-stripeWebhook" in 14.6588ms {"metadata":{"emulator":{"name":"functions"},"function":{"name":"asia-south1-stripeWebhook"},"extension":{},"message":"Finished \"asia-south1-stripeWebhook\" in 14.6588ms"}}
[debug] [2025-08-28T12:06:24.146Z] [worker-asia-south1-stripeWebhook-798e20bf-2648-4f7d-ab14-ee6714945294]: IDLE {"metadata":{"emulator":{"name":"functions"},"function":{"name":"asia-south1-stripeWebhook"},"extension":{},"message":"[worker-asia-south1-stripeWebhook-798e20bf-2648-4f7d-ab14-ee6714945294]: IDLE"}}
[debug] [2025-08-28T12:06:24.146Z] Finishing up request with event=finish {"metadata":{"emulator":{"name":"functions"},"function":{"name":"asia-south1-stripeWebhook"},"extension":{},"message":"Finishing up request with event=finish"}}
[debug] [2025-08-28T12:06:24.146Z] Finishing up request with event=close {"metadata":{"emulator":{"name":"functions"},"function":{"name":"asia-south1-stripeWebhook"},"extension":{},"message":"Finishing up request with event=close"}}
[debug] [2025-08-28T12:06:24.146Z] [work-queue] {"queuedWork":[],"queueLength":0,"runningWork":[],"workRunningCount":0}
